<?xml version='1.0'?>
<ns2:test-suite xmlns:ns2='urn:model.allure.qatools.yandex.ru' start='1592048903663' stop='1592048936634'>
    <name>performing web interatction</name>
    <title>performing web interatction</title>
    <test-cases>
        <test-case start='1592048903663' status='pending' stop='1592048903663'>
            <name>drag and drop test case</name>
            <title>drag and drop test case</title>
            <labels/>
            <parameters/>
            <steps/>
            <attachments/>
            <failure>
                <message>Temporarily disabled with xit</message>
                <stack-trace></stack-trace>
            </failure>
        </test-case>
        <test-case start='1592048903663' status='failed' stop='1592048936633'>
            <name>selectable vrification test demo</name>
            <title>selectable vrification test demo</title>
            <labels/>
            <parameters/>
            <steps/>
            <attachments/>
            <failure>
                <message>Error: Timeout - Async callback was not invoked within timeout specified by jasmine.DEFAULT_TIMEOUT_INTERVAL.</message>
                <stack-trace>Error: Timeout - Async callback was not invoked within timeout specified by jasmine.DEFAULT_TIMEOUT_INTERVAL.
                    at Timeout._onTimeout (C:\Users\mrmra\.jenkins\TypeScriptJaminePOM_Projecct\node_modules\protractor\node_modules\jasmine-core\lib\jasmine-core\jasmine.js:4281:23)
                    at ontimeout (timers.js:436:11)
                    at tryOnTimeout (timers.js:300:5)
                    at listOnTimeout (timers.js:263:5)
                    at Timer.processTimers (timers.js:223:10)</stack-trace>
            </failure>
        </test-case>
    </test-cases>
</ns2:test-suite>